0 info it worked if it ends with ok
1 verbose cli [ '/usr/local/bin/node',
1 verbose cli   '/usr/local/bin/npm',
1 verbose cli   'start',
1 verbose cli   'manifest.yml' ]
2 info using npm@3.3.12
3 info using node@v5.5.0
4 verbose run-script [ 'prestart', 'start', 'poststart' ]
5 info lifecycle cas-seed@1.0.0~prestart: cas-seed@1.0.0
6 silly lifecycle cas-seed@1.0.0~prestart: no script for prestart, continuing
7 info lifecycle cas-seed@1.0.0~start: cas-seed@1.0.0
8 verbose lifecycle cas-seed@1.0.0~start: unsafe-perm in lifecycle true
9 verbose lifecycle cas-seed@1.0.0~start: PATH: /usr/local/lib/node_modules/npm/bin/node-gyp-bin:/Users/bradbarker/Desktop/nodejs-master/node_modules/.bin:/Library/Frameworks/Python.framework/Versions/3.5/bin:/opt/local/bin:/opt/local/sbin:/usr/local/bin:/usr/bin:/bin:/usr/sbin:/sbin:/opt/X11/bin
10 verbose lifecycle cas-seed@1.0.0~start: CWD: /Users/bradbarker/Desktop/nodejs-master
11 silly lifecycle cas-seed@1.0.0~start: Args: [ '-c', 'node app.js "manifest.yml"' ]
12 silly lifecycle cas-seed@1.0.0~start: Returned: code: 1  signal: null
13 info lifecycle cas-seed@1.0.0~start: Failed to exec start script
14 verbose stack Error: cas-seed@1.0.0 start: `node app.js "manifest.yml"`
14 verbose stack Exit status 1
14 verbose stack     at EventEmitter.<anonymous> (/usr/local/lib/node_modules/npm/lib/utils/lifecycle.js:232:16)
14 verbose stack     at emitTwo (events.js:100:13)
14 verbose stack     at EventEmitter.emit (events.js:185:7)
14 verbose stack     at ChildProcess.<anonymous> (/usr/local/lib/node_modules/npm/lib/utils/spawn.js:24:14)
14 verbose stack     at emitTwo (events.js:100:13)
14 verbose stack     at ChildProcess.emit (events.js:185:7)
14 verbose stack     at maybeClose (internal/child_process.js:821:16)
14 verbose stack     at Process.ChildProcess._handle.onexit (internal/child_process.js:211:5)
15 verbose pkgid cas-seed@1.0.0
16 verbose cwd /Users/bradbarker/Desktop/nodejs-master
17 error Darwin 14.3.0
18 error argv "/usr/local/bin/node" "/usr/local/bin/npm" "start" "manifest.yml"
19 error node v5.5.0
20 error npm  v3.3.12
21 error code ELIFECYCLE
22 error cas-seed@1.0.0 start: `node app.js "manifest.yml"`
22 error Exit status 1
23 error Failed at the cas-seed@1.0.0 start script 'node app.js "manifest.yml"'.
23 error Make sure you have the latest version of node.js and npm installed.
23 error If you do, this is most likely a problem with the cas-seed package,
23 error not with npm itself.
23 error Tell the author that this fails on your system:
23 error     node app.js "manifest.yml"
23 error You can get their info via:
23 error     npm owner ls cas-seed
23 error There is likely additional logging output above.
24 verbose exit [ 1, true ]
